Detecting C [-std=c11] compiler features failed to compile with the following output:
Change Dir: /home/montigyherriot/Desktop/Programming /C++/My projects/One Piece: C/bin/CMakeFiles/CMakeTmp

Run Build Command:"/bin/make" "cmTC_1f1db/fast"
/bin/make -f CMakeFiles/cmTC_1f1db.dir/build.make CMakeFiles/cmTC_1f1db.dir/build
make[1]: Entering directory '/home/montigyherriot/Desktop/Programming /C++/My projects/One Piece: C/bin/CMakeFiles/CMakeTmp'
CMakeFiles/cmTC_1f1db.dir/build.make:64: *** target pattern contains no '%'.  Stop.
make[1]: Leaving directory '/home/montigyherriot/Desktop/Programming /C++/My projects/One Piece: C/bin/CMakeFiles/CMakeTmp'
make: *** [Makefile:126: cmTC_1f1db/fast] Error 2



Detecting CXX [-std=c++1z] compiler features failed to compile with the following output:
Change Dir: /home/montigyherriot/Desktop/Programming /C++/My projects/One Piece: C/bin/CMakeFiles/CMakeTmp

Run Build Command:"/bin/make" "cmTC_53ea2/fast"
/bin/make -f CMakeFiles/cmTC_53ea2.dir/build.make CMakeFiles/cmTC_53ea2.dir/build
make[1]: Entering directory '/home/montigyherriot/Desktop/Programming /C++/My projects/One Piece: C/bin/CMakeFiles/CMakeTmp'
CMakeFiles/cmTC_53ea2.dir/build.make:64: *** target pattern contains no '%'.  Stop.
make[1]: Leaving directory '/home/montigyherriot/Desktop/Programming /C++/My projects/One Piece: C/bin/CMakeFiles/CMakeTmp'
make: *** [Makefile:126: cmTC_53ea2/fast] Error 2



